Compiled application.js  (7ms)  (pid 43434)
Compiled jquery.js  (5ms)  (pid 43434)
Compiled jquery_ujs.js  (0ms)  (pid 43434)
Compiled favorites.js  (106ms)  (pid 43434)
Compiled home.js  (127ms)  (pid 43434)
Compiled items.js  (108ms)  (pid 43434)
Compiled users.js  (100ms)  (pid 43434)
Compiled application.css  (3ms)  (pid 43434)
Compiled favorites.css  (14ms)  (pid 43434)
Compiled home.css  (1ms)  (pid 43434)
Compiled items.css  (2ms)  (pid 43434)
Compiled scaffolds.css  (16ms)  (pid 43434)
Compiled users.css  (1ms)  (pid 43434)
Compiled application.js  (5ms)  (pid 43418)
Compiled jquery.js  (83ms)  (pid 43418)
Compiled jquery_ujs.js  (2ms)  (pid 43418)
Compiled favorites.js  (205ms)  (pid 43418)
Compiled home.js  (127ms)  (pid 43418)
Compiled items.js  (106ms)  (pid 43418)
Compiled users.js  (146ms)  (pid 43418)
Compiled application.css  (3ms)  (pid 43418)
Compiled favorites.css  (124ms)  (pid 43418)
Compiled home.css  (1ms)  (pid 43418)
Compiled items.css  (1ms)  (pid 43418)
Compiled scaffolds.css  (14ms)  (pid 43418)
Compiled users.css  (1ms)  (pid 43418)
